<?xml version="1.0" encoding="UTF-8"?>
<!-- Generated by org.testng.reporters.JUnitReportReporter -->
<testsuite skipped="0" hostname="BABUL3" name="abc.com.selenium.Demo3" tests="1" failures="0" timestamp="2019-11-18T19:29:53 IST" time="0.031" errors="0">
  <testcase name="test1" time="0.031" classname="abc.com.selenium.Demo3"/>
</testsuite> <!-- abc.com.selenium.Demo3 -->
